<?xml version="1.0" encoding="UTF-8"?>
<testsuite name="TestSuite" time="4.643" tests="1" errors="0" skipped="0" failures="0">
  <properties>
    <property name="java.runtime.name" value="Java(TM) SE Runtime Environment"/>
    <property name="java.vm.version" value="20+36-2344"/>
    <property name="sun.boot.library.path" value="/Library/Java/JavaVirtualMachines/jdk-20.jdk/Contents/Home/lib"/>
    <property name="maven.multiModuleProjectDirectory" value="/Users/rakesh/PercyJavaDemoGit/PercyJavaDemo"/>
    <property name="java.vm.vendor" value="Oracle Corporation"/>
    <property name="java.vendor.url" value="https://java.oracle.com/"/>
    <property name="guice.disable.misplaced.annotation.check" value="true"/>
    <property name="path.separator" value=":"/>
    <property name="java.vm.name" value="Java HotSpot(TM) 64-Bit Server VM"/>
    <property name="user.country" value="IN"/>
    <property name="sun.java.launcher" value="SUN_STANDARD"/>
    <property name="java.vm.specification.name" value="Java Virtual Machine Specification"/>
    <property name="user.dir" value="/Users/rakesh/PercyJavaDemoGit/PercyJavaDemo"/>
    <property name="java.vm.compressedOopsMode" value="Zero based"/>
    <property name="java.runtime.version" value="20+36-2344"/>
    <property name="os.arch" value="aarch64"/>
    <property name="java.io.tmpdir" value="/var/folders/sh/m5htp0ps0t938blw5f4y97yc0000gq/T/"/>
    <property name="line.separator" value="&#10;"/>
    <property name="java.vm.specification.vendor" value="Oracle Corporation"/>
    <property name="stderr.encoding" value="UTF-8"/>
    <property name="os.name" value="Mac OS X"/>
    <property name="classworlds.conf" value="/Users/rakesh/Maven/apache-maven-3.9.1/bin/m2.conf"/>
    <property name="sun.jnu.encoding" value="UTF-8"/>
    <property name="stdout.encoding" value="UTF-8"/>
    <property name="java.library.path" value="/Users/rakesh/Library/Java/Extensions:/Library/Java/Extensions:/Network/Library/Java/Extensions:/System/Library/Java/Extensions:/usr/lib/java:."/>
    <property name="maven.conf" value="/Users/rakesh/Maven/apache-maven-3.9.1/conf"/>
    <property name="jdk.debug" value="release"/>
    <property name="java.class.version" value="64.0"/>
    <property name="java.specification.name" value="Java Platform API Specification"/>
    <property name="sun.management.compiler" value="HotSpot 64-Bit Tiered Compilers"/>
    <property name="os.version" value="12.1"/>
    <property name="library.jansi.path" value="/Users/rakesh/Maven/apache-maven-3.9.1/lib/jansi-native"/>
    <property name="user.home" value="/Users/rakesh"/>
    <property name="user.timezone" value="Asia/Kolkata"/>
    <property name="file.encoding" value="UTF-8"/>
    <property name="java.specification.version" value="20"/>
    <property name="user.name" value="rakesh"/>
    <property name="java.class.path" value="/Users/rakesh/Maven/apache-maven-3.9.1/boot/plexus-classworlds-2.6.0.jar"/>
    <property name="java.vm.specification.version" value="20"/>
    <property name="sun.arch.data.model" value="64"/>
    <property name="sun.java.command" value="org.codehaus.plexus.classworlds.launcher.Launcher test"/>
    <property name="java.home" value="/Library/Java/JavaVirtualMachines/jdk-20.jdk/Contents/Home"/>
    <property name="apple.awt.application.name" value="Launcher"/>
    <property name="user.language" value="en"/>
    <property name="java.specification.vendor" value="Oracle Corporation"/>
    <property name="java.vm.info" value="mixed mode, sharing"/>
    <property name="java.version" value="20"/>
    <property name="native.encoding" value="UTF-8"/>
    <property name="java.vendor" value="Oracle Corporation"/>
    <property name="maven.home" value="/Users/rakesh/Maven/apache-maven-3.9.1"/>
    <property name="file.separator" value="/"/>
    <property name="java.version.date" value="2023-03-21"/>
    <property name="java.vendor.url.bug" value="https://bugreport.java.com/bugreport/"/>
    <property name="sun.io.unicode.encoding" value="UnicodeBig"/>
    <property name="sun.cpu.endian" value="little"/>
  </properties>
  <testcase name="exampleTest" classname="org.percy.TestWebsite" time="4.643"/>
</testsuite>