<?xml version="1.0" encoding="UTF-8"?>
<!-- Generated by org.testng.reporters.JUnitReportReporter -->
<testsuite hostname="Rakesh*con" failures="0" tests="1" name="org.percy.TestWebsite" time="4.643" errors="0" timestamp="2023-04-18T17:28:17 IST" skipped="0">
  <testcase classname="org.percy.TestWebsite" name="exampleTest" time="4.643"/>
  <system-out/>
</testsuite> <!-- org.percy.TestWebsite -->
