<?xml version="1.0" encoding="UTF-8"?>
<!-- Generated by org.testng.reporters.JUnitReportReporter -->
<testsuite hostname="Rakesh*con" failures="0" tests="1" name="org.example.Example" time="4.101" errors="0" timestamp="2023-04-18T17:20:07 IST" skipped="0">
  <testcase classname="org.example.Example" name="exampleTest" time="4.101"/>
  <system-out/>
</testsuite> <!-- org.example.Example -->
